<?xml version="1.0" encoding="UTF-8"?>
<!-- Generated by org.testng.reporters.JUnitXMLReporter -->
<testsuite ignored="0" hostname="SANGEETH" failures="1" tests="2" name="Test" time="6.023" errors="0" timestamp="2026-05-23T20:29:24 IST">
  <testcase classname="testCases.TC001_AccountRegistrationPage" name="verify_account_registration" time="1.251">
    <failure type="java.lang.AssertionError" message="expected [Your Account Has Been Created!] but found [Register Account]">
      <![CDATA[java.lang.AssertionError: expected [Your Account Has Been Created!] but found [Register Account]
at testCases.TC001_AccountRegistrationPage.verify_account_registration(TC001_AccountRegistrationPage.java:51)
at java.base/java.util.ArrayList.forEach(ArrayList.java:1596)
... Removed 31 stack frames]]>
    </failure>
  </testcase> <!-- verify_account_registration -->
  <testcase classname="testCases.TC002_LoginPage" name="verify_login_page" time="1.379"/>
</testsuite> <!-- Test -->
