<?xml version="1.0" encoding="UTF-8"?>
<!-- Generated by org.testng.reporters.JUnitXMLReporter -->
<testsuite ignored="0" hostname="LTIN683204" failures="1" tests="2" name="Test" time="42.688" errors="0" timestamp="2026-05-22T17:34:24 IST">
  <testcase classname="testCases.TC001_AccountRegistrationPage" name="verify_account_registration" time="2.708"/>
  <testcase classname="testCases.TC002_LoginPage" name="verify_login_page" time="21.809">
    <failure type="java.lang.AssertionError" message="expected [true] but found [false]">
      <![CDATA[java.lang.AssertionError: expected [true] but found [false]
at testCases.TC002_LoginPage.verify_login_page(TC002_LoginPage.java:47)
at java.base/java.util.ArrayList.forEach(ArrayList.java:1596)
... Removed 29 stack frames]]>
    </failure>
  </testcase> <!-- verify_login_page -->
</testsuite> <!-- Test -->
