<?xml version="1.0" encoding="UTF-8"?>
<!-- Generated by org.testng.reporters.JUnitReportReporter -->
<testsuite hostname="LTIN683204" failures="0" tests="2" name="testCases.tc001_AccountRegistrationPage" time="7.836" errors="0" timestamp="2026-05-19T12:38:44 IST" skipped="0">
  <testcase classname="testCases.tc001_AccountRegistrationPage" name="verify_account_registration" time="3.897"/>
  <testcase classname="testCases.tc001_AccountRegistrationPage" name="verify_account_registration" time="3.939"/>
</testsuite> <!-- testCases.tc001_AccountRegistrationPage -->
